<?xml version="1.0" encoding="UTF-8"?>
<!-- Generated by org.testng.reporters.JUnitReportReporter -->
<testsuite skipped="0" hostname="Riteshs-MacBook-Air.local" name="com.learnautomation.testcases.LoginTestCRM" tests="2" failures="0" timestamp="17 Jul 2021 11:35:26 GMT" time="11.617" errors="0">
  <testcase name="LoginApp" time="11.293" classname="com.learnautomation.testcases.LoginTestCRM"/>
  <testcase name="LoginApp1" time="0.324" classname="com.learnautomation.testcases.LoginTestCRM"/>
</testsuite> <!-- com.learnautomation.testcases.LoginTestCRM -->
